Building Docker image from environment in cog.yaml as cog-zimage-replicate-model...
[33m⚠ [0mMajor Cog runtime upgrade available. Opt in now by setting build.cog_runtime: true in cog.yaml.
[33m⚠ [0mMore: https://replicate.com/changelog/2025-07-21-cog-runtime
#1 [internal] load build definition from Dockerfile
#1 transferring dockerfile: 993B done
#1 DONE 0.0s

#2 resolve image config for docker-image://docker.io/docker/dockerfile:1.4
#2 DONE 2.9s

#3 docker-image://docker.io/docker/dockerfile:1.4@sha256:9ba7531bd80fb0a858632727cf7a112fbfd19b17e94c4e84ced81e24ef1a0dbc
#3 CACHED

#4 [internal] load .dockerignore
#4 transferring context: 113B done
#4 ERROR: error from sender: failed to xattr /Volumes/WD_BLACK/zimage-relicate/zimage-replicate-model/._build.log: operation not permitted

#5 [internal] load metadata for r8.im/cog-base:cuda11.8-python3.11-torch2.0.0
#5 DONE 7.4s

#6 [internal] load build context
#6 transferring context: 113B done
#6 ERROR: error from sender: failed to xattr /Volumes/WD_BLACK/zimage-relicate/zimage-replicate-model/._build.log: operation not permitted

#7 [stage-0  1/11] FROM r8.im/cog-base:cuda11.8-python3.11-torch2.0.0@sha256:138c635eddd04cd342653cdc3a0ddc98a5f9a6c9ecd6958456ff53057e0f95d5
#7 resolve r8.im/cog-base:cuda11.8-python3.11-torch2.0.0@sha256:138c635eddd04cd342653cdc3a0ddc98a5f9a6c9ecd6958456ff53057e0f95d5 done
#7 sha256:138c635eddd04cd342653cdc3a0ddc98a5f9a6c9ecd6958456ff53057e0f95d5 856B / 856B done
#7 sha256:30e18094fb8905c0943cfb67151d5d15308ae053bc2db8607bae3f8e92771b09 5.82kB / 5.82kB done
#7 sha256:84709a38760bd21016acfac5b2dbdc532150a83b5c5a7861c60989bcaac34158 21.48kB / 21.48kB done
#7 CANCELED
------
 > [internal] load .dockerignore:
------
------
 > [internal] load build context:
------
[31mⅹ [0mFailed to build Docker image: failed to solve: error from sender: failed to xattr /Volumes/WD_BLACK/zimage-relicate/zimage-replicate-model/._build.log: operation not permitted
